\BOOKMARK [-1][-]{part.1}{\376\377\000I\000\040\000\301\000l\000g\000e\000b\000r\000a\000\040\000l\000i\000n\000e\000a\000l\000\040\000y\000\040\000g\000e\000o\000m\000e\000t\000r\000\355\000a}{}% 1
\BOOKMARK [0][-]{chapter.1.1}{\376\377\000G\000r\000u\000p\000o\000s}{part.1}% 2
\BOOKMARK [1][-]{section.1.1.1}{\376\377\000D\000e\000f\000i\000n\000i\000c\000i\000\363\000n\000\040\000y\000\040\000e\000j\000e\000m\000p\000l\000o\000s}{chapter.1.1}% 3
\BOOKMARK [-1][-]{part.2}{\376\377\000I\000I\000\040\000A\000n\000\341\000l\000i\000s\000i\000s\000\040\000m\000a\000t\000e\000m\000\341\000t\000i\000c\000o}{}% 4
\BOOKMARK [0][-]{chapter.2.1}{\376\377\000L\000\355\000m\000i\000t\000e\000s\000\040\000y\000\040\000c\000o\000n\000t\000i\000n\000u\000i\000d\000a\000d}{part.2}% 5
\BOOKMARK [1][-]{section.2.1.1}{\376\377\000I\000n\000t\000r\000o\000d\000u\000c\000c\000i\000\363\000n}{chapter.2.1}% 6
\BOOKMARK [1][-]{section.2.1.2}{\376\377\000S\000u\000c\000e\000s\000i\000o\000n\000e\000s\000\040\000c\000o\000n\000v\000e\000r\000g\000e\000n\000t\000e\000s\000\040\000e\000n\000\040\000u\000n\000\040\000e\000s\000p\000a\000c\000i\000o\000\040\000m\000\351\000t\000r\000i\000c\000o}{chapter.2.1}% 7
\BOOKMARK [-1][-]{part.3}{\376\377\000I\000I\000I\000\040\000C\000\341\000l\000c\000u\000l\000o\000\040\000v\000e\000c\000t\000o\000r\000i\000a\000l}{}% 8
\BOOKMARK [0][-]{chapter.3.1}{\376\377\000E\000s\000p\000a\000c\000i\000o\000s\000\040\000l\000i\000n\000e\000a\000l\000e\000s}{part.3}% 9
\BOOKMARK [1][-]{section.3.1.1}{\376\377\000I\000n\000t\000r\000o\000d\000u\000c\000c\000i\000\363\000n}{chapter.3.1}% 10
\BOOKMARK [0][-]{chapter.3.2}{\376\377\000T\000r\000a\000n\000s\000f\000o\000r\000m\000a\000c\000i\000o\000n\000e\000s\000\040\000l\000i\000n\000e\000a\000l\000e\000s\000\040\000y\000\040\000m\000a\000t\000r\000i\000c\000e\000s}{part.3}% 11
\BOOKMARK [1][-]{section.3.2.1}{\376\377\000R\000e\000p\000r\000e\000s\000e\000n\000t\000a\000c\000i\000\363\000n\000\040\000m\000a\000t\000r\000i\000c\000i\000a\000l\000\040\000d\000e\000\040\000l\000a\000s\000\040\000t\000r\000a\000n\000s\000f\000o\000r\000m\000a\000c\000i\000o\000n\000e\000s\000\040\000l\000i\000n\000e\000a\000l\000e\000s}{chapter.3.2}% 12
\BOOKMARK [-1][-]{part.4}{\376\377\000I\000V\000\040\000P\000r\000o\000b\000a\000b\000i\000l\000i\000d\000a\000d\000\040\000y\000\040\000e\000s\000t\000a\000d\000\355\000s\000t\000i\000c\000a}{}% 13
\BOOKMARK [0][-]{chapter.4.1}{\376\377\000P\000r\000o\000b\000a\000b\000i\000l\000i\000d\000a\000d}{part.4}% 14
\BOOKMARK [1][-]{section.4.1.1}{\376\377\000E\000s\000p\000a\000c\000i\000o\000\040\000m\000u\000e\000s\000t\000r\000a\000l}{chapter.4.1}% 15
\BOOKMARK [-1][-]{part.5}{\376\377\000V\000\040\000A\000n\000\341\000l\000i\000s\000i\000s\000\040\000d\000e\000\040\000d\000a\000t\000o\000s\000\040\000m\000u\000l\000t\000i\000v\000a\000r\000i\000a\000n\000t\000e\000s}{}% 16
\BOOKMARK [0][-]{chapter.5.1}{\376\377\000\301\000l\000g\000e\000b\000r\000a\000\040\000m\000a\000t\000r\000i\000c\000i\000a\000l}{part.5}% 17
\BOOKMARK [1][-]{section.5.1.1}{\376\377\000D\000e\000f\000i\000n\000i\000c\000i\000o\000n\000e\000s\000\040\000b\000\341\000s\000i\000c\000a\000s}{chapter.5.1}% 18
\BOOKMARK [-1][-]{part.6}{\376\377\000V\000I\000\040\000D\000i\000s\000e\000\361\000o\000\040\000y\000\040\000a\000n\000\341\000l\000i\000s\000i\000s\000\040\000d\000e\000\040\000m\000o\000d\000e\000l\000o\000s\000\040\000d\000e\000\040\000p\000r\000o\000b\000a\000b\000i\000l\000i\000d\000a\000d}{}% 19
\BOOKMARK [0][-]{chapter.6.1}{\376\377\000D\000e\000\040\000l\000a\000\040\000m\000e\000d\000i\000d\000a\000\040\000a\000\040\000l\000a\000\040\000p\000r\000o\000b\000a\000b\000i\000l\000i\000d\000a\000d}{part.6}% 20
\BOOKMARK [1][-]{section.6.1.1}{\376\377\000G\000e\000n\000e\000r\000a\000c\000i\000\363\000n\000\040\000d\000e\000\040\000e\000s\000t\000r\000u\000c\000t\000u\000r\000a\000s}{chapter.6.1}% 21
\BOOKMARK [0][-]{section*.2}{\376\377\000B\000i\000b\000l\000i\000o\000g\000r\000a\000f\000\355\000a}{part.6}% 22
